2D Multplayer/Library/Bee/Android/Prj/Mono2x/Gradle/launcher/build/intermediates/manifest_merge_blame_file/debug/manifest-merger-blame-debug-report.txt
1<?xml version="1.0" encoding="utf-8"?>
2<manifest xmlns:android="http://schemas.android.com/apk/res/android"
3    package="com.DefaultCompany.krish"
4    android:installLocation="preferExternal"
5    android:versionCode="1"
6    android:versionName="1.0" >
7
8    <uses-sdk
9        android:minSdkVersion="22"
9-->src\main\AndroidManifest.xml
10        android:targetSdkVersion="32" />
10-->src\main\AndroidManifest.xml
11
12    <supports-screens
12-->src\main\AndroidManifest.xml:4:3-163
13        android:anyDensity="true"
13-->src\main\AndroidManifest.xml:4:135-160
14        android:largeScreens="true"
14-->src\main\AndroidManifest.xml:4:78-105
15        android:normalScreens="true"
15-->src\main\AndroidManifest.xml:4:49-77
16        android:smallScreens="true"
16-->src\main\AndroidManifest.xml:4:21-48
17        android:xlargeScreens="true" />
17-->src\main\AndroidManifest.xml:4:106-134
18
19    <uses-permission android:name="android.permission.INTERNET" />
19-->[:unityLibrary] AndroidManifest.xml:10:5-67
19-->[:unityLibrary] AndroidManifest.xml:10:22-64
20    <uses-permission android:name="android.permission.ACCESS_NETWORK_STATE" />
20-->[:unityLibrary] AndroidManifest.xml:11:5-79
20-->[:unityLibrary] AndroidManifest.xml:11:22-76
21    <uses-permission android:name="android.permission.CAMERA" />
21-->[:unityLibrary] AndroidManifest.xml:12:5-65
21-->[:unityLibrary] AndroidManifest.xml:12:22-62
22
23    <uses-feature
23-->[:unityLibrary] AndroidManifest.xml:14:5-16:35
24        android:name="android.hardware.vulkan.version"
24-->[:unityLibrary] AndroidManifest.xml:15:9-55
25        android:required="true" />
25-->[:unityLibrary] AndroidManifest.xml:16:9-32
26    <uses-feature
26-->[:unityLibrary] AndroidManifest.xml:17:5-19:36
27        android:name="android.hardware.camera"
27-->[:unityLibrary] AndroidManifest.xml:18:9-47
28        android:required="false" />
28-->[:unityLibrary] AndroidManifest.xml:19:9-33
29    <uses-feature
29-->[:unityLibrary] AndroidManifest.xml:20:5-22:36
30        android:name="android.hardware.camera.autofocus"
30-->[:unityLibrary] AndroidManifest.xml:21:9-57
31        android:required="false" />
31-->[:unityLibrary] AndroidManifest.xml:22:9-33
32    <uses-feature
32-->[:unityLibrary] AndroidManifest.xml:23:5-25:36
33        android:name="android.hardware.camera.front"
33-->[:unityLibrary] AndroidManifest.xml:24:9-53
34        android:required="false" />
34-->[:unityLibrary] AndroidManifest.xml:25:9-33
35    <uses-feature
35-->[:unityLibrary] AndroidManifest.xml:26:5-28:36
36        android:name="android.hardware.sensor.accelerometer"
36-->[:unityLibrary] AndroidManifest.xml:27:9-61
37        android:required="false" />
37-->[:unityLibrary] AndroidManifest.xml:28:9-33
38    <uses-feature
38-->[:unityLibrary] AndroidManifest.xml:29:5-31:36
39        android:name="android.hardware.touchscreen"
39-->[:unityLibrary] AndroidManifest.xml:30:9-52
40        android:required="false" />
40-->[:unityLibrary] AndroidManifest.xml:31:9-33
41    <uses-feature
41-->[:unityLibrary] AndroidManifest.xml:32:5-34:36
42        android:name="android.hardware.touchscreen.multitouch"
42-->[:unityLibrary] AndroidManifest.xml:33:9-63
43        android:required="false" />
43-->[:unityLibrary] AndroidManifest.xml:34:9-33
44    <uses-feature
44-->[:unityLibrary] AndroidManifest.xml:35:5-37:36
45        android:name="android.hardware.touchscreen.multitouch.distinct"
45-->[:unityLibrary] AndroidManifest.xml:36:9-72
46        android:required="false" />
46-->[:unityLibrary] AndroidManifest.xml:37:9-33
47
48    <uses-permission android:name="android.permission.FOREGROUND_SERVICE" />
48-->[:AgoraScreenShareExtension:] AndroidManifest.xml:7:5-77
48-->[:AgoraScreenShareExtension:] AndroidManifest.xml:7:22-74
49    <uses-permission android:name="android.permission.RECORD_AUDIO" />
49-->[:unityLibrary:AgoraRtcEngineKit.plugin] AndroidManifest.xml:12:5-71
49-->[:unityLibrary:AgoraRtcEngineKit.plugin] AndroidManifest.xml:12:22-68
50    <uses-permission android:name="android.permission.BLUETOOTH" />
50-->[:unityLibrary:AgoraRtcEngineKit.plugin] AndroidManifest.xml:14:5-68
50-->[:unityLibrary:AgoraRtcEngineKit.plugin] AndroidManifest.xml:14:22-65
51    <uses-permission android:name="android.permission.MODIFY_AUDIO_SETTINGS" />
51-->[:unityLibrary:AgoraRtcEngineKit.plugin] AndroidManifest.xml:15:5-80
51-->[:unityLibrary:AgoraRtcEngineKit.plugin] AndroidManifest.xml:15:22-77
52    <uses-permission android:name="android.permission.ACCESS_WIFI_STATE" />
52-->[:unityLibrary:AgoraRtcEngineKit.plugin] AndroidManifest.xml:17:5-76
52-->[:unityLibrary:AgoraRtcEngineKit.plugin] AndroidManifest.xml:17:22-73
53
54    <application
54-->src\main\AndroidManifest.xml:3:3-83
55        android:debuggable="true"
56        android:extractNativeLibs="true"
56-->[:unityLibrary] AndroidManifest.xml:39:18-50
57        android:icon="@mipmap/app_icon"
57-->src\main\AndroidManifest.xml:3:49-80
58        android:label="@string/app_name"
58-->src\main\AndroidManifest.xml:3:16-48
59        android:requestLegacyExternalStorage="true" >
59-->[:unityLibrary:AgoraRtcEngineKit.plugin] AndroidManifest.xml:19:18-61
60        <meta-data
60-->[:unityLibrary] AndroidManifest.xml:40:9-42:33
61            android:name="unity.splash-mode"
61-->[:unityLibrary] AndroidManifest.xml:41:13-45
62            android:value="0" />
62-->[:unityLibrary] AndroidManifest.xml:42:13-30
63        <meta-data
63-->[:unityLibrary] AndroidManifest.xml:43:9-45:36
64            android:name="unity.splash-enable"
64-->[:unityLibrary] AndroidManifest.xml:44:13-47
65            android:value="True" />
65-->[:unityLibrary] AndroidManifest.xml:45:13-33
66        <meta-data
66-->[:unityLibrary] AndroidManifest.xml:46:9-48:36
67            android:name="unity.launch-fullscreen"
67-->[:unityLibrary] AndroidManifest.xml:47:13-51
68            android:value="True" />
68-->[:unityLibrary] AndroidManifest.xml:48:13-33
69        <meta-data
69-->[:unityLibrary] AndroidManifest.xml:49:9-51:37
70            android:name="unity.allow-resizable-window"
70-->[:unityLibrary] AndroidManifest.xml:50:13-56
71            android:value="False" />
71-->[:unityLibrary] AndroidManifest.xml:51:13-34
72        <meta-data
72-->[:unityLibrary] AndroidManifest.xml:52:9-54:50
73            android:name="notch.config"
73-->[:unityLibrary] AndroidManifest.xml:53:13-40
74            android:value="portrait|landscape" />
74-->[:unityLibrary] AndroidManifest.xml:54:13-47
75        <meta-data
75-->[:unityLibrary] AndroidManifest.xml:55:9-57:36
76            android:name="unity.auto-report-fully-drawn"
76-->[:unityLibrary] AndroidManifest.xml:56:13-57
77            android:value="true" />
77-->[:unityLibrary] AndroidManifest.xml:57:13-33
78
79        <activity
79-->[:unityLibrary] AndroidManifest.xml:59:9-80:20
80            android:name="com.unity3d.player.UnityPlayerActivity"
80-->[:unityLibrary] AndroidManifest.xml:60:13-66
81            android:configChanges="mcc|mnc|locale|touchscreen|keyboard|keyboardHidden|navigation|orientation|screenLayout|uiMode|screenSize|smallestScreenSize|fontScale|layoutDirection|density"
81-->[:unityLibrary] AndroidManifest.xml:61:13-194
82            android:exported="true"
82-->[:unityLibrary] AndroidManifest.xml:62:13-36
83            android:hardwareAccelerated="false"
83-->[:unityLibrary] AndroidManifest.xml:63:13-48
84            android:launchMode="singleTask"
84-->[:unityLibrary] AndroidManifest.xml:64:13-44
85            android:resizeableActivity="false"
85-->[:unityLibrary] AndroidManifest.xml:65:13-47
86            android:screenOrientation="fullUser"
86-->[:unityLibrary] AndroidManifest.xml:66:13-49
87            android:theme="@style/UnityThemeSelector" >
87-->[:unityLibrary] AndroidManifest.xml:67:13-54
88            <intent-filter>
88-->[:unityLibrary] AndroidManifest.xml:68:13-72:29
89                <category android:name="android.intent.category.LAUNCHER" />
89-->[:unityLibrary] AndroidManifest.xml:69:17-77
89-->[:unityLibrary] AndroidManifest.xml:69:27-74
90
91                <action android:name="android.intent.action.MAIN" />
91-->[:unityLibrary] AndroidManifest.xml:71:17-69
91-->[:unityLibrary] AndroidManifest.xml:71:25-66
92            </intent-filter>
93
94            <meta-data
94-->[:unityLibrary] AndroidManifest.xml:74:13-76:40
95                android:name="unityplayer.UnityActivity"
95-->[:unityLibrary] AndroidManifest.xml:75:17-57
96                android:value="true" />
96-->[:unityLibrary] AndroidManifest.xml:76:17-37
97            <meta-data
97-->[:unityLibrary] AndroidManifest.xml:77:13-79:40
98                android:name="notch_support"
98-->[:unityLibrary] AndroidManifest.xml:78:17-45
99                android:value="true" />
99-->[:unityLibrary] AndroidManifest.xml:79:17-37
100        </activity>
101        <activity
101-->[:AgoraScreenShareExtension:] AndroidManifest.xml:10:9-13:63
102            android:name="io.agora.rtc2.extensions.MediaProjectionMgr$LocalScreenCaptureAssistantActivity"
102-->[:AgoraScreenShareExtension:] AndroidManifest.xml:10:19-89
103            android:configChanges="screenSize|orientation"
103-->[:AgoraScreenShareExtension:] AndroidManifest.xml:11:13-59
104            android:screenOrientation="fullUser"
104-->[:AgoraScreenShareExtension:] AndroidManifest.xml:12:13-49
105            android:theme="@android:style/Theme.Translucent" />
105-->[:AgoraScreenShareExtension:] AndroidManifest.xml:13:13-61
106
107        <service
107-->[:AgoraScreenShareExtension:] AndroidManifest.xml:15:9-18:19
108            android:name="io.agora.rtc2.extensions.MediaProjectionMgr$LocalScreenSharingService"
108-->[:AgoraScreenShareExtension:] AndroidManifest.xml:16:13-73
109            android:foregroundServiceType="mediaProjection" >
109-->[:AgoraScreenShareExtension:] AndroidManifest.xml:17:13-60
110        </service>
111    </application>
112
113</manifest>